yaml_timestamp  /home/yutao_intern/workspace/ROMP-master/active_configs/active_context_2023-04-17_20_46_42.yaml
INFO:root:{'tab': 'hrnet_cm64_V1_hrnet_flag3d_ft', 'configs_yml': 'configs/v1_hrnet_flag3d_ft.yml', 'inputs': None, 'output_dir': None, 'interactive_vis': False, 'show_largest_person_only': False, 'show_mesh_stand_on_image': False, 'surrounding_camera': False, 'soi_camera': 'far', 'make_tracking': False, 'temporal_optimization': False, 'save_dict_results': False, 'save_visualization_on_img': True, 'fps_save': 24, 'character': 'smpl', 'renderer': 'pytorch3d', 'f': None, 'bv_with_fv_condition': True, 'add_offsetmap': True, 'fv_conditioned_way': 'attention', 'num_depth_level': 8, 'scale_anchor': True, 'sampling_aggregation_way': 'floor', 'cam_dist_thresh': 0.1, 'focal_length': 443.4, 'FOV': 60, 'matching_pckh_thresh': 0.6, 'baby_threshold': 0.8, 'calc_smpl_mesh': True, 'calc_mesh_loss': True, 'learn_relative': False, 'learn_relative_shape': False, 'learn_relative_age': False, 'learn_relative_depth': False, 'depth_loss_type': 'Piecewise', 'model_return_loss': True, 'model_version': 1, 'multi_person': True, 'new_training': False, 'perspective_proj': False, 'image_loading_mode': 'image', 'lr': 5e-05, 'adjust_lr_factor': 0.2, 'weight_decay': 1e-06, 'epoch': 1, 'fine_tune': True, 'gpu': 0, 'batch_size': 64, 'input_size': 512, 'master_batch_size': -1, 'nw': 6, 'optimizer_type': 'Adam', 'fix_backbone_training_scratch': False, 'backbone': 'hrnet', 'model_precision': 'fp16', 'deconv_num': 0, 'head_block_num': 2, 'merge_smpl_camera_head': False, 'use_coordmaps': True, 'hrnet_pretrain': '/home/yutao_intern/workspace/ROMP-master/trained_models/pretrain_hrnet.pkl', 'resnet_pretrain': '/home/yutao_intern/workspace/ROMP-master/trained_models/pretrain_resnet.pkl', 'loss_thresh': 1000, 'max_supervise_num': -1, 'supervise_cam_params': False, 'match_preds_to_gts_for_supervision': True, 'matching_mode': 'all', 'supervise_global_rot': False, 'HMloss_type': 'MSE', 'eval': False, 'eval_datasets': 'pw3d', 'val_batch_size': 64, 'test_interval': 2000, 'fast_eval_iter': -1, 'top_n_error_vis': 6, 'eval_2dpose': False, 'calc_pck': False, 'PCK_thresh': 150, 'calc_PVE_error': True, 'centermap_size': 64, 'centermap_conf_thresh': 0.2, 'collision_aware_centermap': True, 'collision_factor': 0.2, 'center_def_kp': True, 'local_rank': 0, 'distributed_training': False, 'distillation_learning': False, 'teacher_model_path': '/export/home/suny/CenterMesh/trained_models/3dpw_88_57.8.pkl', 'print_freq': 50, 'model_path': '/root/ROMP/trained_models/ROMP_HRNet32_V1.pkl', 'log_path': '/home/yutao_intern/workspace/log/', 'learn_2dpose': False, 'learn_AE': False, 'learn_kp2doffset': False, 'shuffle_crop_mode': False, 'shuffle_crop_ratio_3d': 0.2, 'shuffle_crop_ratio_2d': 0.1, 'Synthetic_occlusion_ratio': 0, 'color_jittering_ratio': 0.2, 'rotate_prob': 0.2, 'dataset_rootdir': '/home/yutao_intern/workspace/dataset/', 'dataset': 'flag3d', 'voc_dir': '/home/yutao_intern/workspace/dataset/VOCdevkit/VOC2012/', 'max_person': 64, 'homogenize_pose_space': False, 'use_eft': True, 'smpl_mesh_root_align': True, 'Rot_type': '6D', 'rot_dim': 6, 'cam_dim': 3, 'beta_dim': 10, 'smpl_joint_num': 22, 'smpl_model_path': '/home/yutao_intern/workspace/ROMP-master/model_data/smpl_models/smpl_packed_info.pth', 'smpla_model_path': '/home/yutao_intern/workspace/ROMP-master/model_data/smpl_models/SMPLA_NEUTRAL.pth', 'smil_model_path': '/home/yutao_intern/workspace/ROMP-master/model_data/smpl_models/smil_packed_info.pth', 'smpl_prior_path': '/home/yutao_intern/workspace/ROMP-master/model_data/parameters/gmm_08.pkl', 'smpl_uvmap': '/home/yutao_intern/workspace/ROMP-master/model_data/parameters/smpl_vt_ft.npz', 'wardrobe': '/home/yutao_intern/workspace/ROMP-master/model_data/wardrobe', 'mesh_cloth': '031', 'nvxia_model_path': '/home/yutao_intern/workspace/ROMP-master/model_data/characters/nvxia', 'track_memory_usage': False, 'adjust_lr_epoch': [], 'kernel_sizes': [5], 'nw_eval': 2, 'MPJPE_weight': 200.0, 'PAMPJPE_weight': 360.0, 'P_KP2D_weight': 400.0, 'Pose_weight': 80.0, 'Shape_weight': 6.0, 'Prior_weight': 1.6, 'CenterMap_weight': 160.0, 'Cam_weight': 200.0, 'sample_prob_dict': {'flag3d': 1}}
INFO:root:------------------------------------------------------------------
INFO:root:training chunk_sizes:[64]
Traceback (most recent call last):
  File "/home/yutao_intern/anaconda3/envs/pytorch3d/lib/python3.9/runpy.py", line 197, in _run_module_as_main
    return _run_code(code, main_globals, None,
  File "/home/yutao_intern/anaconda3/envs/pytorch3d/lib/python3.9/runpy.py", line 87, in _run_code
    exec(code, run_globals)
  File "/home/yutao_intern/workspace/ROMP-master/romp/train.py", line 164, in <module>
    main()
  File "/home/yutao_intern/workspace/ROMP-master/romp/train.py", line 160, in main
    trainer = Trainer()
  File "/home/yutao_intern/workspace/ROMP-master/romp/train.py", line 9, in __init__
    super(Trainer, self).__init__()
  File "/home/yutao_intern/workspace/ROMP-master/romp/base.py", line 36, in __init__
    self.visualizer = Visualizer(resolution=(512,512), result_img_dir=self.result_img_dir, with_renderer=True)
  File "/home/yutao_intern/workspace/ROMP-master/romp/lib/models/../visualization/visualization.py", line 36, in __init__
    self.smpl_face = mindspore.load_checkpoint(args().smpl_model_path)['f']
  File "/home/yutao_intern/anaconda3/envs/pytorch3d/lib/python3.9/site-packages/torch/serialization.py", line 699, in load
    with _open_file_like(f, 'rb') as opened_file:
  File "/home/yutao_intern/anaconda3/envs/pytorch3d/lib/python3.9/site-packages/torch/serialization.py", line 230, in _open_file_like
    return _open_file(name_or_buffer, mode)
  File "/home/yutao_intern/anaconda3/envs/pytorch3d/lib/python3.9/site-packages/torch/serialization.py", line 211, in __init__
    super(_open_file, self).__init__(open(name, mode))
FileNotFoundError: [Errno 2] No such file or directory: '/home/yutao_intern/workspace/ROMP-master/model_data/smpl_models/smpl_packed_info.pth'
